[2020-10-17T17:23:28+08:00][sql] CONNECT:[ UseTime:0.001564s ] mysql:host=127.0.0.1;port=3306;dbname=xhadmin;charset=utf8
[2020-10-17T17:23:28+08:00][sql] SHOW FULL COLUMNS FROM `cd_log` [ RunTime:0.009933s ]
[2020-10-17T17:23:28+08:00][sql] INSERT INTO `cd_log` SET `application_name` = 'admin' , `username` = 'admin' , `url` = 'http://xhadmin.me/admin/Base/clearData.html' , `ip` = '127.0.0.1' , `useragent` = 'Mozilla/5.0 (Windows NT 10.0; Win64; x64) AppleWebKit/537.36 (KHTML, like Gecko) Chrome/86.0.4240.75 Safari/537.36' , `content` = '[]' , `create_time` = 1602926608 , `type` = 2 [ RunTime:0.002452s ]
[2020-10-17T17:23:28+08:00][sql] SHOW FULL COLUMNS FROM `cd_application` [ RunTime:0.006712s ]
[2020-10-17T17:23:28+08:00][sql] SELECT * FROM `cd_application` WHERE  `app_type` = 3 LIMIT 1 [ RunTime:0.000603s ]
[2020-10-17T17:23:29+08:00][sql] CONNECT:[ UseTime:0.002025s ] mysql:host=127.0.0.1;port=3306;dbname=xhadmin;charset=utf8
[2020-10-17T17:23:29+08:00][sql] SHOW FULL COLUMNS FROM `cd_config` [ RunTime:0.008648s ]
[2020-10-17T17:23:29+08:00][sql] SELECT `name`,`data` FROM `cd_config` [ RunTime:0.000527s ]
[2020-10-17T17:23:29+08:00][sql] SHOW FULL COLUMNS FROM `cd_menu` [ RunTime:0.008302s ]
[2020-10-17T17:23:29+08:00][sql] SELECT * FROM `cd_menu` WHERE  `status` = 1  AND `app_id` = 1  AND `pid` = 0 ORDER BY `sortid` ASC [ RunTime:0.000721s ]
[2020-10-17T17:23:29+08:00][sql] SELECT * FROM `cd_menu` WHERE  `status` = 1  AND `app_id` = 1  AND `pid` = 12 ORDER BY `sortid` ASC [ RunTime:0.000679s ]
[2020-10-17T17:23:29+08:00][sql] SELECT * FROM `cd_menu` WHERE  `status` = 1  AND `app_id` = 1  AND `pid` = 12 ORDER BY `sortid` ASC [ RunTime:0.000637s ]
[2020-10-17T17:23:29+08:00][sql] SELECT * FROM `cd_menu` WHERE  `status` = 1  AND `app_id` = 1  AND `pid` = 17 ORDER BY `sortid` ASC [ RunTime:0.000582s ]
[2020-10-17T17:23:29+08:00][sql] SELECT * FROM `cd_menu` WHERE  `status` = 1  AND `app_id` = 1  AND `pid` = 17 ORDER BY `sortid` ASC [ RunTime:0.000576s ]
[2020-10-17T17:23:29+08:00][sql] SELECT * FROM `cd_menu` WHERE  `status` = 1  AND `app_id` = 1  AND `pid` = 80 ORDER BY `sortid` ASC [ RunTime:0.000683s ]
[2020-10-17T17:23:29+08:00][sql] SELECT * FROM `cd_menu` WHERE  `status` = 1  AND `app_id` = 1  AND `pid` = 80 ORDER BY `sortid` ASC [ RunTime:0.000586s ]
[2020-10-17T17:23:29+08:00][sql] SELECT * FROM `cd_menu` WHERE  `status` = 1  AND `app_id` = 1  AND `pid` = 21 ORDER BY `sortid` ASC [ RunTime:0.000581s ]
[2020-10-17T17:23:29+08:00][sql] SELECT * FROM `cd_menu` WHERE  `status` = 1  AND `app_id` = 1  AND `pid` = 21 ORDER BY `sortid` ASC [ RunTime:0.000580s ]
[2020-10-17T17:23:29+08:00][sql] SELECT * FROM `cd_menu` WHERE  `status` = 1  AND `app_id` = 1  AND `pid` = 18 ORDER BY `sortid` ASC [ RunTime:0.000580s ]
[2020-10-17T17:23:29+08:00][sql] SELECT * FROM `cd_menu` WHERE  `status` = 1  AND `app_id` = 1  AND `pid` = 18 ORDER BY `sortid` ASC [ RunTime:0.000578s ]
[2020-10-17T17:23:29+08:00][sql] SELECT * FROM `cd_menu` WHERE  `status` = 1  AND `app_id` = 1  AND `pid` = 19 ORDER BY `sortid` ASC [ RunTime:0.000875s ]
[2020-10-17T17:23:29+08:00][sql] SELECT * FROM `cd_menu` WHERE  `status` = 1  AND `app_id` = 1  AND `pid` = 19 ORDER BY `sortid` ASC [ RunTime:0.000862s ]
[2020-10-17T17:23:29+08:00][sql] SELECT * FROM `cd_menu` WHERE  `status` = 1  AND `app_id` = 1  AND `pid` = 41 ORDER BY `sortid` ASC [ RunTime:0.000698s ]
[2020-10-17T17:23:29+08:00][sql] SELECT * FROM `cd_menu` WHERE  `status` = 1  AND `app_id` = 1  AND `pid` = 41 ORDER BY `sortid` ASC [ RunTime:0.000584s ]
[2020-10-17T17:23:29+08:00][sql] SELECT * FROM `cd_menu` WHERE  `status` = 1  AND `app_id` = 1  AND `pid` = 670 ORDER BY `sortid` ASC [ RunTime:0.000576s ]
[2020-10-17T17:23:29+08:00][sql] SELECT * FROM `cd_menu` WHERE  `status` = 1  AND `app_id` = 1  AND `pid` = 670 ORDER BY `sortid` ASC [ RunTime:0.000576s ]
[2020-10-17T17:23:29+08:00][sql] SELECT * FROM `cd_menu` WHERE  `status` = 1  AND `app_id` = 1  AND `pid` = 673 ORDER BY `sortid` ASC [ RunTime:0.000574s ]
[2020-10-17T17:23:29+08:00][sql] SELECT * FROM `cd_menu` WHERE  `status` = 1  AND `app_id` = 1  AND `pid` = 673 ORDER BY `sortid` ASC [ RunTime:0.000574s ]
